  Sprite.cpp
  ObjClass.cpp
  ParticleClass.cpp
  SphereClass.cpp
  TriangleClass.cpp
  Bgm.cpp
  Camera.cpp
  DebugCamera.cpp
  IrufemiEngine.cpp
  Log.cpp
  imgui.cpp
  imgui_demo.cpp
  imgui_draw.cpp
  imgui_impl_dx12.cpp
  imgui_impl_win32.cpp
  imgui_tables.cpp
  imgui_widgets.cpp
  CompileShader.cpp
  ConvertString.cpp
  CreateBufferResource.cpp
  CreateDepthStencilTextureResource.cpp
  CreateDescriptorHeap.cpp
  CreateTextureResurce.cpp
  Ease.cpp
  GetBackBufferIndex.cpp
  GetDescriptorHandle.cpp
  LoadMaterialTemplateFile.cpp
  LoadObjFile.cpp
  LoadTexture.cpp
  Math.cpp
  SoundLoadWave.cpp
  SoundPlayWave.cpp
  SoundUnload.cpp
  UploadTextureData.cpp
  WindowProc.cpp
  AudioManager.cpp
  DebugUI.cpp
  DrawManager.cpp
  InputManager.cpp
  TextureManager.cpp
  Vector3 .cpp
  CharaSelectScene.cpp
  GameScene.cpp
  ResultScene.cpp
  SceneManager.cpp
  TitleScene.cpp
  Sound.cpp
  Texture.cpp
  main.cpp
  main.obj : MSIL .netmodule または /GL を伴ってコンパイルされたモジュールが見つかりました。/LTCG を使用して再開始してください。リンカーのパフォーマンスを向上させるためには、コマンドラインに /LTCG を追加してください。
  コード生成しています。
  コード生成が終了しました。
  GE3.vcxproj -> D:\school\2.5\GE3\GE3\generated\outputs\Development\GE3.exe
          1 個のファイルをコピーしました。
          1 個のファイルをコピーしました。
